<?xml version="1.0" encoding="UTF-8"?>
<!-- Generated by org.testng.reporters.JUnitReportReporter -->
<testsuite hostname="IFZAL" failures="0" tests="1" name="pages.HomePageTest" time="11.794" errors="0" timestamp="2023-08-13T11:07:47 CDT" skipped="0">
  <testcase classname="pages.HomePageTest" name="clickLogoTest" time="11.794"/>
</testsuite> <!-- pages.HomePageTest -->
